\BOOKMARK [0][-]{title.0}{封面}{}% 1
\BOOKMARK [0][-]{chapter*.1}{摘要}{}% 2
\BOOKMARK [0][-]{chapter*.2}{ABSTRACT}{}% 3
\BOOKMARK [0][-]{toc.0}{目录}{}% 4
\BOOKMARK [0][-]{chapter.1}{绪论}{}% 5
\BOOKMARK [1][-]{section.1.1}{分支预测算法的意义}{chapter.1}% 6
\BOOKMARK [1][-]{section.1.2}{技术发展现状与趋势}{chapter.1}% 7
\BOOKMARK [2][-]{subsection.1.2.1}{静态分支预测技术}{section.1.2}% 8
\BOOKMARK [2][-]{subsection.1.2.2}{1bit分支预测器}{section.1.2}% 9
\BOOKMARK [2][-]{subsection.1.2.3}{2bit分支预测器}{section.1.2}% 10
\BOOKMARK [2][-]{subsection.1.2.4}{局部分支预测器}{section.1.2}% 11
\BOOKMARK [2][-]{subsection.1.2.5}{全局分支预测器}{section.1.2}% 12
\BOOKMARK [2][-]{subsection.1.2.6}{混合分支预测器}{section.1.2}% 13
\BOOKMARK [2][-]{subsection.1.2.7}{基于上述分支预测器的优化}{section.1.2}% 14
\BOOKMARK [0][-]{chapter.2}{分支预测算法的软件实现与验证}{}% 15
\BOOKMARK [1][-]{section.2.1}{32位MIPS指令集实现}{chapter.2}% 16
\BOOKMARK [1][-]{section.2.2}{不同预测方法的效果测试}{chapter.2}% 17
\BOOKMARK [1][-]{section.2.3}{预测结果评价}{chapter.2}% 18
\BOOKMARK [0][-]{chapter.3}{项目总结}{}% 19
\BOOKMARK [0][-]{section*.11}{参考文献}{}% 20
\BOOKMARK [0][-]{chapter*.13}{致谢}{}% 21
\BOOKMARK [0][-]{appendix.A}{测试}{}% 22
\BOOKMARK [1][-]{section.A.1}{第一个测试}{appendix.A}% 23
\BOOKMARK [0][-]{appendix.B}{附录测试}{}% 24
\BOOKMARK [0][-]{appendix.C}{附录测试}{}% 25
